---
bug: uadd
status: sat
stack: 
 - /Users/qiqi/Study/number_handling/TCs/TC_C_197_vx34/src/kint/query.c:30:9
---
bug: uadd
status: sat
stack: 
 - /Users/qiqi/Study/number_handling/TCs/TC_C_197_vx34/src/kint/query.c:30:9
---
bug: uadd
status: sat
stack: 
 - /Users/qiqi/Study/number_handling/TCs/TC_C_197_vx34/src/kint/query.c:32:13
---
bug: uadd
status: sat
stack: 
 - /Users/qiqi/Study/number_handling/TCs/TC_C_197_vx34/src/kint/query.c:121:23
---
bug: array
status: sat
stack: 
 - /usr/include/ctype.h:175:10
 - /usr/include/ctype.h:231:10
 - /Users/qiqi/Study/number_handling/TCs/TC_C_197_vx34/src/kint/query.c:99:7
 - /Users/qiqi/Study/number_handling/TCs/TC_C_197_vx34/src/kint/query.c:124:9
